c:\company\c++\ui\bin\debug-windows-x86_64\walnut\walnut.pdb
c:\company\c++\ui\bin\debug-windows-x86_64\walnut\walnut.idb
c:\company\c++\ui\bin-int\debug-windows-x86_64\walnut\stringutils.obj
c:\company\c++\ui\bin-int\debug-windows-x86_64\walnut\streamwriter.obj
c:\company\c++\ui\bin-int\debug-windows-x86_64\walnut\streamreader.obj
c:\company\c++\ui\bin-int\debug-windows-x86_64\walnut\filestream.obj
c:\company\c++\ui\bin-int\debug-windows-x86_64\walnut\bufferstream.obj
c:\company\c++\ui\bin-int\debug-windows-x86_64\walnut\random.obj
c:\company\c++\ui\bin-int\debug-windows-x86_64\walnut\log.obj
c:\company\c++\ui\bin-int\debug-windows-x86_64\walnut\ui.obj
c:\company\c++\ui\bin-int\debug-windows-x86_64\walnut\console.obj
c:\company\c++\ui\bin-int\debug-windows-x86_64\walnut\input.obj
c:\company\c++\ui\bin-int\debug-windows-x86_64\walnut\image.obj
c:\company\c++\ui\bin-int\debug-windows-x86_64\walnut\imguitheme.obj
c:\company\c++\ui\bin-int\debug-windows-x86_64\walnut\imguibuild.obj
c:\company\c++\ui\bin-int\debug-windows-x86_64\walnut\applicationgui.obj
c:\company\c++\ui\bin\debug-windows-x86_64\walnut\walnut.lib
c:\company\c++\ui\bin-int\debug-windows-x86_64\walnut\walnut.tlog\cl.command.1.tlog
c:\company\c++\ui\bin-int\debug-windows-x86_64\walnut\walnut.tlog\cl.items.tlog
c:\company\c++\ui\bin-int\debug-windows-x86_64\walnut\walnut.tlog\cl.read.1.tlog
c:\company\c++\ui\bin-int\debug-windows-x86_64\walnut\walnut.tlog\cl.write.1.tlog
c:\company\c++\ui\bin-int\debug-windows-x86_64\walnut\walnut.tlog\lib-link.read.1.tlog
c:\company\c++\ui\bin-int\debug-windows-x86_64\walnut\walnut.tlog\lib-link.write.1.tlog
c:\company\c++\ui\bin-int\debug-windows-x86_64\walnut\walnut.tlog\lib.command.1.tlog
